 8:40:52 Host identity created.
 8:40:52 Game Port: 2302, Steam Query Port: 2303
 8:41:03 Player Tucker connecting.
 8:41:04 Mission 3D Multiplayer Editor read from directory.
 8:41:05 Player Tucker connected (id=76561198138815968).
 8:41:08 Roles assigned.
 8:41:08 Reading mission ...
 8:41:19 Mission read.
 8:41:29 Game started.
 8:44:26 Host identity created.
 8:44:26 Game Port: 2302, Steam Query Port: 2303
 8:44:42 Player Tucker connecting.
 8:44:42 Mission 3D Multiplayer Editor read from directory.
 8:44:43 Player Tucker connected (id=76561198138815968).
 8:44:47 Roles assigned.
 8:44:47 Reading mission ...
 8:44:56 Mission read.
 8:45:05 Game started.
 8:47:18 Player Tucker disconnected.
 8:50:25 Host identity created.
 8:50:25 Game Port: 2302, Steam Query Port: 2303
 8:50:37 Player Tucker connecting.
 8:50:37 Mission 3D Multiplayer Editor read from directory.
 8:50:38 Player Tucker connected (id=76561198138815968).
 8:50:42 Roles assigned.
 8:50:42 Reading mission ...
 8:50:52 Mission read.
 8:51:03 Game started.
 8:55:22 Host identity created.
 8:55:22 Game Port: 2302, Steam Query Port: 2303
 8:55:31 Player Tucker connecting.
 8:55:31 Mission 3D Multiplayer Editor read from directory.
 8:55:32 Player Tucker connected (id=76561198138815968).
 8:55:42 Roles assigned.
 8:55:42 Reading mission ...
 8:55:52 Mission read.
 8:56:04 Game started.
 8:58:00 Player Tucker disconnected.
23:29:35 Host identity created.
23:29:36 Game Port: 2302, Steam Query Port: 2303
23:29:56 Player Tucker connecting.
23:29:56 Mission 3D Multiplayer Editor read from directory.
23:29:57 Player Tucker connected (id=76561198138815968).
23:29:59 Roles assigned.
23:29:59 Reading mission ...
23:30:14 Mission read.
23:31:01 Game started.
